{"level":"info","message":"Listening on port 2017...😎👌","timestamp":"2023-02-12T10:49:51.933Z"}
{"level":"info","message":"Connected to mongodb://localhost:27017/baharfinal...","timestamp":"2023-02-12T10:49:51.946Z"}
{"level":"info","message":"Listening on port 2017...😎👌","timestamp":"2023-02-12T20:51:59.306Z"}
{"level":"info","message":"Connected to mongodb://localhost:27017/baharfinal...","timestamp":"2023-02-12T20:51:59.314Z"}
{"level":"info","message":"Listening on port 2017...😎👌","timestamp":"2023-02-12T21:04:50.257Z"}
{"level":"info","message":"Connected to mongodb+srv://PosiblueMaChiNaTor:4Pk6AcmtsGIRVZcU@cluster0.7hlaj.gcp.mongodb.net/test?retryWrites=true&w=majority...","timestamp":"2023-02-12T21:04:50.935Z"}
{"level":"info","message":"Listening on port 2017...😎👌","timestamp":"2023-02-12T21:24:56.299Z"}
{"level":"info","message":"Connected to mongodb+srv://PosiblueMaChiNaTor:4Pk6AcmtsGIRVZcU@cluster0.7hlaj.gcp.mongodb.net/test?retryWrites=true&w=majority...","timestamp":"2023-02-12T21:24:57.019Z"}
{"level":"info","message":"Listening on port 2017...😎👌","timestamp":"2023-02-12T21:26:13.799Z"}
{"level":"info","message":"Listening on port 2017...😎👌","timestamp":"2023-02-12T21:27:01.526Z"}
{"level":"info","message":"Connected to mongodb+srv://PosiblueMaChiNaTor:4Pk6AcmtsGIRVZcU@cluster0.7hlaj.gcp.mongodb.net/test?retryWrites=true&w=majority...","timestamp":"2023-02-12T21:27:01.993Z"}
{"level":"info","message":"Listening on port 2017...😎👌","timestamp":"2023-02-13T03:31:43.656Z"}
{"level":"info","message":"Connected to mongodb+srv://PosiblueMaChiNaTor:4Pk6AcmtsGIRVZcU@cluster0.7hlaj.gcp.mongodb.net/test?retryWrites=true&w=majority...","timestamp":"2023-02-13T03:31:44.339Z"}
{"level":"info","message":"Listening on port 2017...😎👌","timestamp":"2023-02-13T03:52:18.590Z"}
{"level":"info","message":"Connected to mongodb+srv://PosiblueMaChiNaTor:4Pk6AcmtsGIRVZcU@cluster0.7hlaj.gcp.mongodb.net/test?retryWrites=true&w=majority...","timestamp":"2023-02-13T03:52:19.156Z"}
{"level":"info","message":"Listening on port 2017...😎👌","timestamp":"2023-02-13T08:24:06.551Z"}
{"level":"info","message":"Connected to mongodb+srv://PosiblueMaChiNaTor:4Pk6AcmtsGIRVZcU@cluster0.7hlaj.gcp.mongodb.net/test?retryWrites=true&w=majority...","timestamp":"2023-02-13T08:24:07.255Z"}
{"level":"info","message":"Listening on port 2017...😎👌","timestamp":"2023-02-13T08:29:19.409Z"}
{"level":"info","message":"Connected to mongodb+srv://PosiblueMaChiNaTor:4Pk6AcmtsGIRVZcU@cluster0.7hlaj.gcp.mongodb.net/test?retryWrites=true&w=majority...","timestamp":"2023-02-13T08:29:20.010Z"}
{"level":"info","message":"Listening on port 2017...😎👌","timestamp":"2023-02-13T09:25:45.924Z"}
{"level":"info","message":"Connected to mongodb+srv://PosiblueMaChiNaTor:4Pk6AcmtsGIRVZcU@cluster0.7hlaj.gcp.mongodb.net/test?retryWrites=true&w=majority...","timestamp":"2023-02-13T09:25:46.442Z"}
{"level":"info","message":"Listening on port 2017...😎👌","timestamp":"2023-02-13T11:23:41.274Z"}
{"level":"info","message":"Connected to mongodb+srv://PosiblueMaChiNaTor:4Pk6AcmtsGIRVZcU@cluster0.7hlaj.gcp.mongodb.net/test?retryWrites=true&w=majority...","timestamp":"2023-02-13T11:23:41.957Z"}
{"level":"info","message":"Listening on port 2017...😎👌","timestamp":"2023-02-13T21:03:23.964Z"}
{"level":"info","message":"Connected to mongodb+srv://PosiblueMaChiNaTor:4Pk6AcmtsGIRVZcU@cluster0.7hlaj.gcp.mongodb.net/test?retryWrites=true&w=majority...","timestamp":"2023-02-13T21:03:24.670Z"}
{"level":"info","message":"Listening on port 2017...😎👌","timestamp":"2023-02-13T21:23:44.633Z"}
{"level":"info","message":"Connected to mongodb+srv://PosiblueMaChiNaTor:4Pk6AcmtsGIRVZcU@cluster0.7hlaj.gcp.mongodb.net/test?retryWrites=true&w=majority...","timestamp":"2023-02-13T21:23:45.574Z"}
{"level":"info","message":"Listening on port 2017...😎👌","timestamp":"2023-02-13T21:33:48.792Z"}
{"level":"info","message":"Connected to mongodb+srv://PosiblueMaChiNaTor:4Pk6AcmtsGIRVZcU@cluster0.7hlaj.gcp.mongodb.net/test?retryWrites=true&w=majority...","timestamp":"2023-02-13T21:33:49.519Z"}
{"level":"info","message":"Listening on port 2017...😎👌","timestamp":"2023-02-13T23:14:21.249Z"}
{"level":"info","message":"Connected to mongodb+srv://PosiblueMaChiNaTor:4Pk6AcmtsGIRVZcU@cluster0.7hlaj.gcp.mongodb.net/test?retryWrites=true&w=majority...","timestamp":"2023-02-13T23:14:22.056Z"}
{"level":"info","message":"Listening on port 2017...😎👌","timestamp":"2023-02-13T23:51:46.057Z"}
{"level":"info","message":"Connected to mongodb+srv://PosiblueMaChiNaTor:4Pk6AcmtsGIRVZcU@cluster0.7hlaj.gcp.mongodb.net/test?retryWrites=true&w=majority...","timestamp":"2023-02-13T23:51:46.849Z"}
{"level":"info","message":"Listening on port 2017...😎👌","timestamp":"2023-02-14T00:23:39.738Z"}
{"level":"info","message":"Connected to mongodb+srv://PosiblueMaChiNaTor:4Pk6AcmtsGIRVZcU@cluster0.7hlaj.gcp.mongodb.net/test?retryWrites=true&w=majority...","timestamp":"2023-02-14T00:23:40.385Z"}
{"level":"info","message":"Listening on port 2017...😎👌","timestamp":"2023-02-14T00:25:51.971Z"}
{"level":"info","message":"Connected to mongodb+srv://PosiblueMaChiNaTor:4Pk6AcmtsGIRVZcU@cluster0.7hlaj.gcp.mongodb.net/test?retryWrites=true&w=majority...","timestamp":"2023-02-14T00:25:52.495Z"}
{"level":"info","message":"Listening on port 2017...😎👌","timestamp":"2023-02-14T00:30:59.107Z"}
{"level":"info","message":"Connected to mongodb+srv://PosiblueMaChiNaTor:4Pk6AcmtsGIRVZcU@cluster0.7hlaj.gcp.mongodb.net/test?retryWrites=true&w=majority...","timestamp":"2023-02-14T00:30:59.711Z"}
{"level":"info","message":"Listening on port 2017...😎👌","timestamp":"2023-02-14T00:38:26.462Z"}
{"level":"info","message":"Connected to mongodb+srv://PosiblueMaChiNaTor:4Pk6AcmtsGIRVZcU@cluster0.7hlaj.gcp.mongodb.net/test?retryWrites=true&w=majority...","timestamp":"2023-02-14T00:38:27.131Z"}
{"level":"info","message":"Listening on port 2017...😎👌","timestamp":"2023-02-14T00:42:58.051Z"}
{"level":"info","message":"Connected to mongodb+srv://PosiblueMaChiNaTor:4Pk6AcmtsGIRVZcU@cluster0.7hlaj.gcp.mongodb.net/test?retryWrites=true&w=majority...","timestamp":"2023-02-14T00:42:58.643Z"}
{"level":"info","message":"Listening on port 2017...😎👌","timestamp":"2023-02-14T00:45:52.178Z"}
{"level":"info","message":"Connected to mongodb+srv://PosiblueMaChiNaTor:4Pk6AcmtsGIRVZcU@cluster0.7hlaj.gcp.mongodb.net/test?retryWrites=true&w=majority...","timestamp":"2023-02-14T00:45:52.777Z"}
{"level":"info","message":"Listening on port 2017...😎👌","timestamp":"2023-02-14T00:47:59.120Z"}
{"level":"info","message":"Connected to mongodb+srv://PosiblueMaChiNaTor:4Pk6AcmtsGIRVZcU@cluster0.7hlaj.gcp.mongodb.net/test?retryWrites=true&w=majority...","timestamp":"2023-02-14T00:47:59.706Z"}
{"level":"info","message":"Listening on port 2017...😎👌","timestamp":"2023-02-14T00:49:52.488Z"}
{"level":"info","message":"Connected to mongodb+srv://PosiblueMaChiNaTor:4Pk6AcmtsGIRVZcU@cluster0.7hlaj.gcp.mongodb.net/test?retryWrites=true&w=majority...","timestamp":"2023-02-14T00:49:53.062Z"}
{"message":"result.generateAuthToken is not a function","stack":"TypeError: result.generateAuthToken is not a function\n    at /Users/elimo/lighthouse/bahar/server/routes/auth.js:24:24","level":"error","timestamp":"2023-02-14T00:49:57.245Z"}
{"level":"info","message":"Listening on port 2017...😎👌","timestamp":"2023-02-14T00:50:52.108Z"}
{"level":"info","message":"Connected to mongodb+srv://PosiblueMaChiNaTor:4Pk6AcmtsGIRVZcU@cluster0.7hlaj.gcp.mongodb.net/test?retryWrites=true&w=majority...","timestamp":"2023-02-14T00:50:52.663Z"}
{"level":"info","message":"Listening on port 2017...😎👌","timestamp":"2023-02-14T00:51:35.965Z"}
{"level":"info","message":"Connected to mongodb+srv://PosiblueMaChiNaTor:4Pk6AcmtsGIRVZcU@cluster0.7hlaj.gcp.mongodb.net/test?retryWrites=true&w=majority...","timestamp":"2023-02-14T00:51:36.573Z"}
{"level":"info","message":"Listening on port 2017...😎👌","timestamp":"2023-02-14T02:27:09.697Z"}
{"level":"info","message":"Connected to mongodb+srv://PosiblueMaChiNaTor:4Pk6AcmtsGIRVZcU@cluster0.7hlaj.gcp.mongodb.net/test?retryWrites=true&w=majority...","timestamp":"2023-02-14T02:27:10.276Z"}
{"level":"info","message":"Listening on port 2017...😎👌","timestamp":"2023-02-14T04:11:07.873Z"}
{"level":"info","message":"Connected to mongodb+srv://PosiblueMaChiNaTor:4Pk6AcmtsGIRVZcU@cluster0.7hlaj.gcp.mongodb.net/test?retryWrites=true&w=majority...","timestamp":"2023-02-14T04:11:08.615Z"}
{"level":"info","message":"Listening on port 2017...😎👌","timestamp":"2023-02-14T07:12:27.784Z"}
{"level":"info","message":"Connected to mongodb+srv://PosiblueMaChiNaTor:4Pk6AcmtsGIRVZcU@cluster0.7hlaj.gcp.mongodb.net/test?retryWrites=true&w=majority...","timestamp":"2023-02-14T07:12:28.356Z"}
{"level":"info","message":"Listening on port 2017...😎👌","timestamp":"2023-02-14T07:33:38.128Z"}
{"level":"info","message":"Connected to mongodb+srv://PosiblueMaChiNaTor:4Pk6AcmtsGIRVZcU@cluster0.7hlaj.gcp.mongodb.net/test?retryWrites=true&w=majority...","timestamp":"2023-02-14T07:33:38.796Z"}
{"level":"info","message":"Listening on port 2017...😎👌","timestamp":"2023-02-14T07:36:16.268Z"}
{"level":"info","message":"Connected to mongodb+srv://PosiblueMaChiNaTor:4Pk6AcmtsGIRVZcU@cluster0.7hlaj.gcp.mongodb.net/test?retryWrites=true&w=majority...","timestamp":"2023-02-14T07:36:17.031Z"}
{"level":"info","message":"Listening on port 2017...😎👌","timestamp":"2023-02-14T07:40:00.907Z"}
{"level":"info","message":"Connected to mongodb+srv://PosiblueMaChiNaTor:4Pk6AcmtsGIRVZcU@cluster0.7hlaj.gcp.mongodb.net/test?retryWrites=true&w=majority...","timestamp":"2023-02-14T07:40:01.603Z"}
{"level":"info","message":"Listening on port 2017...😎👌","timestamp":"2023-02-14T08:25:42.813Z"}
{"level":"info","message":"Connected to mongodb+srv://PosiblueMaChiNaTor:4Pk6AcmtsGIRVZcU@cluster0.7hlaj.gcp.mongodb.net/test?retryWrites=true&w=majority...","timestamp":"2023-02-14T08:25:43.246Z"}
{"level":"info","message":"Listening on port 2017...😎👌","timestamp":"2023-02-14T19:28:45.179Z"}
{"level":"info","message":"Connected to mongodb+srv://PosiblueMaChiNaTor:4Pk6AcmtsGIRVZcU@cluster0.7hlaj.gcp.mongodb.net/test?retryWrites=true&w=majority...","timestamp":"2023-02-14T19:28:45.755Z"}
{"level":"info","message":"Listening on port 2017...😎👌","timestamp":"2023-02-14T19:49:40.230Z"}
{"level":"info","message":"Connected to mongodb+srv://PosiblueMaChiNaTor:4Pk6AcmtsGIRVZcU@cluster0.7hlaj.gcp.mongodb.net/test?retryWrites=true&w=majority...","timestamp":"2023-02-14T19:49:40.923Z"}
{"level":"info","message":"Listening on port 2017...😎👌","timestamp":"2023-02-14T20:35:57.884Z"}
{"level":"info","message":"Connected to mongodb+srv://PosiblueMaChiNaTor:4Pk6AcmtsGIRVZcU@cluster0.7hlaj.gcp.mongodb.net/test?retryWrites=true&w=majority...","timestamp":"2023-02-14T20:35:58.494Z"}
{"level":"info","message":"Listening on port 2017...😎👌","timestamp":"2023-02-14T20:53:47.837Z"}
{"level":"info","message":"Connected to mongodb+srv://PosiblueMaChiNaTor:4Pk6AcmtsGIRVZcU@cluster0.7hlaj.gcp.mongodb.net/test?retryWrites=true&w=majority...","timestamp":"2023-02-14T20:53:48.575Z"}
{"level":"info","message":"Listening on port 2017...😎👌","timestamp":"2023-02-14T21:01:48.256Z"}
{"level":"info","message":"Connected to mongodb+srv://PosiblueMaChiNaTor:4Pk6AcmtsGIRVZcU@cluster0.7hlaj.gcp.mongodb.net/test?retryWrites=true&w=majority...","timestamp":"2023-02-14T21:01:48.896Z"}
{"level":"info","message":"Listening on port 2017...😎👌","timestamp":"2023-02-14T21:04:28.134Z"}
{"level":"info","message":"Connected to mongodb+srv://PosiblueMaChiNaTor:4Pk6AcmtsGIRVZcU@cluster0.7hlaj.gcp.mongodb.net/test?retryWrites=true&w=majority...","timestamp":"2023-02-14T21:04:28.868Z"}
{"level":"info","message":"Listening on port 2017...😎👌","timestamp":"2023-02-14T21:08:27.690Z"}
{"level":"info","message":"Connected to mongodb+srv://PosiblueMaChiNaTor:4Pk6AcmtsGIRVZcU@cluster0.7hlaj.gcp.mongodb.net/test?retryWrites=true&w=majority...","timestamp":"2023-02-14T21:08:28.433Z"}
{"level":"info","message":"Listening on port 2017...😎👌","timestamp":"2023-02-14T21:11:33.791Z"}
{"level":"info","message":"Connected to mongodb+srv://PosiblueMaChiNaTor:4Pk6AcmtsGIRVZcU@cluster0.7hlaj.gcp.mongodb.net/test?retryWrites=true&w=majority...","timestamp":"2023-02-14T21:11:34.412Z"}
{"level":"info","message":"Listening on port 2017...😎👌","timestamp":"2023-02-14T22:40:28.165Z"}
{"level":"info","message":"Connected to mongodb+srv://PosiblueMaChiNaTor:4Pk6AcmtsGIRVZcU@cluster0.7hlaj.gcp.mongodb.net/test?retryWrites=true&w=majority...","timestamp":"2023-02-14T22:40:28.814Z"}
{"level":"info","message":"Listening on port 2017...😎👌","timestamp":"2023-02-14T22:41:43.468Z"}
{"level":"info","message":"Connected to mongodb+srv://PosiblueMaChiNaTor:4Pk6AcmtsGIRVZcU@cluster0.7hlaj.gcp.mongodb.net/test?retryWrites=true&w=majority...","timestamp":"2023-02-14T22:41:44.077Z"}
{"level":"info","message":"Listening on port 2017...😎👌","timestamp":"2023-02-14T22:43:58.267Z"}
{"level":"info","message":"Connected to mongodb+srv://PosiblueMaChiNaTor:4Pk6AcmtsGIRVZcU@cluster0.7hlaj.gcp.mongodb.net/test?retryWrites=true&w=majority...","timestamp":"2023-02-14T22:43:58.868Z"}
{"level":"info","message":"Listening on port 2017...😎👌","timestamp":"2023-02-14T22:48:22.915Z"}
{"level":"info","message":"Connected to mongodb+srv://PosiblueMaChiNaTor:4Pk6AcmtsGIRVZcU@cluster0.7hlaj.gcp.mongodb.net/test?retryWrites=true&w=majority...","timestamp":"2023-02-14T22:48:23.465Z"}
{"level":"info","message":"Listening on port 2017...😎👌","timestamp":"2023-02-14T22:49:11.623Z"}
{"level":"info","message":"Connected to mongodb+srv://PosiblueMaChiNaTor:4Pk6AcmtsGIRVZcU@cluster0.7hlaj.gcp.mongodb.net/test?retryWrites=true&w=majority...","timestamp":"2023-02-14T22:49:12.343Z"}
{"level":"info","message":"Listening on port 2017...😎👌","timestamp":"2023-02-14T22:51:07.911Z"}
{"level":"info","message":"Connected to mongodb+srv://PosiblueMaChiNaTor:4Pk6AcmtsGIRVZcU@cluster0.7hlaj.gcp.mongodb.net/test?retryWrites=true&w=majority...","timestamp":"2023-02-14T22:51:08.623Z"}
{"level":"info","message":"Listening on port 2017...😎👌","timestamp":"2023-02-14T22:52:30.455Z"}
{"level":"info","message":"Connected to mongodb+srv://PosiblueMaChiNaTor:4Pk6AcmtsGIRVZcU@cluster0.7hlaj.gcp.mongodb.net/test?retryWrites=true&w=majority...","timestamp":"2023-02-14T22:52:31.089Z"}
{"level":"info","message":"Listening on port 2017...😎👌","timestamp":"2023-02-14T22:52:57.205Z"}
{"level":"info","message":"Connected to mongodb+srv://PosiblueMaChiNaTor:4Pk6AcmtsGIRVZcU@cluster0.7hlaj.gcp.mongodb.net/test?retryWrites=true&w=majority...","timestamp":"2023-02-14T22:52:57.675Z"}
{"level":"info","message":"Listening on port 2017...😎👌","timestamp":"2023-02-14T23:25:27.293Z"}
{"level":"info","message":"Connected to mongodb+srv://PosiblueMaChiNaTor:4Pk6AcmtsGIRVZcU@cluster0.7hlaj.gcp.mongodb.net/test?retryWrites=true&w=majority...","timestamp":"2023-02-14T23:25:27.825Z"}
{"level":"info","message":"Listening on port 2017...😎👌","timestamp":"2023-02-14T23:25:38.371Z"}
{"level":"info","message":"Connected to mongodb+srv://PosiblueMaChiNaTor:4Pk6AcmtsGIRVZcU@cluster0.7hlaj.gcp.mongodb.net/test?retryWrites=true&w=majority...","timestamp":"2023-02-14T23:25:38.834Z"}
{"level":"info","message":"Listening on port 2017...😎👌","timestamp":"2023-02-14T23:38:21.717Z"}
{"level":"info","message":"Connected to mongodb+srv://PosiblueMaChiNaTor:4Pk6AcmtsGIRVZcU@cluster0.7hlaj.gcp.mongodb.net/test?retryWrites=true&w=majority...","timestamp":"2023-02-14T23:38:22.402Z"}
{"level":"info","message":"Listening on port 2017...😎👌","timestamp":"2023-02-14T23:38:36.041Z"}
{"level":"info","message":"Connected to mongodb+srv://PosiblueMaChiNaTor:4Pk6AcmtsGIRVZcU@cluster0.7hlaj.gcp.mongodb.net/test?retryWrites=true&w=majority...","timestamp":"2023-02-14T23:38:36.481Z"}
{"level":"info","message":"Listening on port 2017...😎👌","timestamp":"2023-02-14T23:40:00.423Z"}
{"level":"info","message":"Connected to mongodb+srv://PosiblueMaChiNaTor:4Pk6AcmtsGIRVZcU@cluster0.7hlaj.gcp.mongodb.net/test?retryWrites=true&w=majority...","timestamp":"2023-02-14T23:40:00.958Z"}
{"level":"info","message":"Listening on port 2017...😎👌","timestamp":"2023-02-14T23:41:07.911Z"}
{"level":"info","message":"Connected to mongodb+srv://PosiblueMaChiNaTor:4Pk6AcmtsGIRVZcU@cluster0.7hlaj.gcp.mongodb.net/test?retryWrites=true&w=majority...","timestamp":"2023-02-14T23:41:08.565Z"}
{"level":"info","message":"Listening on port 2017...😎👌","timestamp":"2023-02-14T23:42:23.855Z"}
{"level":"info","message":"Connected to mongodb+srv://PosiblueMaChiNaTor:4Pk6AcmtsGIRVZcU@cluster0.7hlaj.gcp.mongodb.net/test?retryWrites=true&w=majority...","timestamp":"2023-02-14T23:42:24.636Z"}
{"level":"info","message":"Listening on port 2017...😎👌","timestamp":"2023-02-14T23:45:01.812Z"}
{"level":"info","message":"Connected to mongodb+srv://PosiblueMaChiNaTor:4Pk6AcmtsGIRVZcU@cluster0.7hlaj.gcp.mongodb.net/test?retryWrites=true&w=majority...","timestamp":"2023-02-14T23:45:02.432Z"}
{"level":"info","message":"Listening on port 2017...😎👌","timestamp":"2023-02-14T23:46:18.461Z"}
{"level":"info","message":"Connected to mongodb+srv://PosiblueMaChiNaTor:4Pk6AcmtsGIRVZcU@cluster0.7hlaj.gcp.mongodb.net/test?retryWrites=true&w=majority...","timestamp":"2023-02-14T23:46:19.181Z"}
{"level":"info","message":"Listening on port 2017...😎👌","timestamp":"2023-02-14T23:46:36.282Z"}
{"level":"info","message":"Connected to mongodb+srv://PosiblueMaChiNaTor:4Pk6AcmtsGIRVZcU@cluster0.7hlaj.gcp.mongodb.net/test?retryWrites=true&w=majority...","timestamp":"2023-02-14T23:46:36.815Z"}
{"level":"info","message":"Listening on port 2017...😎👌","timestamp":"2023-02-14T23:46:59.940Z"}
{"level":"info","message":"Connected to mongodb+srv://PosiblueMaChiNaTor:4Pk6AcmtsGIRVZcU@cluster0.7hlaj.gcp.mongodb.net/test?retryWrites=true&w=majority...","timestamp":"2023-02-14T23:47:00.424Z"}
{"level":"info","message":"Listening on port 2017...😎👌","timestamp":"2023-02-14T23:47:16.138Z"}
{"level":"info","message":"Connected to mongodb+srv://PosiblueMaChiNaTor:4Pk6AcmtsGIRVZcU@cluster0.7hlaj.gcp.mongodb.net/test?retryWrites=true&w=majority...","timestamp":"2023-02-14T23:47:16.597Z"}
{"level":"info","message":"Listening on port 2017...😎👌","timestamp":"2023-02-14T23:48:48.384Z"}
{"level":"info","message":"Connected to mongodb+srv://PosiblueMaChiNaTor:4Pk6AcmtsGIRVZcU@cluster0.7hlaj.gcp.mongodb.net/test?retryWrites=true&w=majority...","timestamp":"2023-02-14T23:48:49.023Z"}
{"level":"info","message":"Listening on port 2017...😎👌","timestamp":"2023-02-14T23:48:54.296Z"}
{"level":"info","message":"Connected to mongodb+srv://PosiblueMaChiNaTor:4Pk6AcmtsGIRVZcU@cluster0.7hlaj.gcp.mongodb.net/test?retryWrites=true&w=majority...","timestamp":"2023-02-14T23:48:54.990Z"}
{"level":"info","message":"Listening on port 2017...😎👌","timestamp":"2023-02-14T23:50:12.454Z"}
{"level":"info","message":"Connected to mongodb+srv://PosiblueMaChiNaTor:4Pk6AcmtsGIRVZcU@cluster0.7hlaj.gcp.mongodb.net/test?retryWrites=true&w=majority...","timestamp":"2023-02-14T23:50:13.157Z"}
{"level":"info","message":"Listening on port 2017...😎👌","timestamp":"2023-02-14T23:50:44.964Z"}
{"level":"info","message":"Connected to mongodb+srv://PosiblueMaChiNaTor:4Pk6AcmtsGIRVZcU@cluster0.7hlaj.gcp.mongodb.net/test?retryWrites=true&w=majority...","timestamp":"2023-02-14T23:50:45.468Z"}
{"level":"info","message":"Listening on port 2017...😎👌","timestamp":"2023-02-14T23:50:49.537Z"}
{"level":"info","message":"Connected to mongodb+srv://PosiblueMaChiNaTor:4Pk6AcmtsGIRVZcU@cluster0.7hlaj.gcp.mongodb.net/test?retryWrites=true&w=majority...","timestamp":"2023-02-14T23:50:49.993Z"}
{"level":"info","message":"Listening on port 2017...😎👌","timestamp":"2023-02-14T23:53:39.590Z"}
{"level":"info","message":"Connected to mongodb+srv://PosiblueMaChiNaTor:4Pk6AcmtsGIRVZcU@cluster0.7hlaj.gcp.mongodb.net/test?retryWrites=true&w=majority...","timestamp":"2023-02-14T23:53:40.345Z"}
{"level":"info","message":"Listening on port 2017...😎👌","timestamp":"2023-02-14T23:53:48.748Z"}
{"level":"info","message":"Connected to mongodb+srv://PosiblueMaChiNaTor:4Pk6AcmtsGIRVZcU@cluster0.7hlaj.gcp.mongodb.net/test?retryWrites=true&w=majority...","timestamp":"2023-02-14T23:53:49.357Z"}
{"level":"info","message":"Listening on port 2017...😎👌","timestamp":"2023-02-14T23:54:11.082Z"}
{"level":"info","message":"Connected to mongodb+srv://PosiblueMaChiNaTor:4Pk6AcmtsGIRVZcU@cluster0.7hlaj.gcp.mongodb.net/test?retryWrites=true&w=majority...","timestamp":"2023-02-14T23:54:11.656Z"}
{"level":"info","message":"Listening on port 2017...😎👌","timestamp":"2023-02-14T23:54:25.618Z"}
{"level":"info","message":"Connected to mongodb+srv://PosiblueMaChiNaTor:4Pk6AcmtsGIRVZcU@cluster0.7hlaj.gcp.mongodb.net/test?retryWrites=true&w=majority...","timestamp":"2023-02-14T23:54:26.234Z"}
{"level":"info","message":"Listening on port 2017...😎👌","timestamp":"2023-02-14T23:54:30.659Z"}
{"level":"info","message":"Connected to mongodb+srv://PosiblueMaChiNaTor:4Pk6AcmtsGIRVZcU@cluster0.7hlaj.gcp.mongodb.net/test?retryWrites=true&w=majority...","timestamp":"2023-02-14T23:54:31.097Z"}
{"level":"info","message":"Listening on port 2017...😎👌","timestamp":"2023-02-14T23:58:57.243Z"}
{"level":"info","message":"Connected to mongodb+srv://PosiblueMaChiNaTor:4Pk6AcmtsGIRVZcU@cluster0.7hlaj.gcp.mongodb.net/test?retryWrites=true&w=majority...","timestamp":"2023-02-14T23:58:57.796Z"}
{"level":"info","message":"Listening on port 2017...😎👌","timestamp":"2023-02-14T23:59:58.881Z"}
{"level":"info","message":"Connected to mongodb+srv://PosiblueMaChiNaTor:4Pk6AcmtsGIRVZcU@cluster0.7hlaj.gcp.mongodb.net/test?retryWrites=true&w=majority...","timestamp":"2023-02-14T23:59:59.394Z"}
{"level":"info","message":"Listening on port 2017...😎👌","timestamp":"2023-02-15T00:03:29.850Z"}
{"level":"info","message":"Connected to mongodb+srv://PosiblueMaChiNaTor:4Pk6AcmtsGIRVZcU@cluster0.7hlaj.gcp.mongodb.net/test?retryWrites=true&w=majority...","timestamp":"2023-02-15T00:03:30.342Z"}
{"level":"info","message":"Listening on port 2017...😎👌","timestamp":"2023-02-15T00:06:55.091Z"}
{"level":"info","message":"Connected to mongodb+srv://PosiblueMaChiNaTor:4Pk6AcmtsGIRVZcU@cluster0.7hlaj.gcp.mongodb.net/test?retryWrites=true&w=majority...","timestamp":"2023-02-15T00:06:55.733Z"}
{"level":"info","message":"Listening on port 2017...😎👌","timestamp":"2023-02-15T00:07:27.286Z"}
{"level":"info","message":"Connected to mongodb+srv://PosiblueMaChiNaTor:4Pk6AcmtsGIRVZcU@cluster0.7hlaj.gcp.mongodb.net/test?retryWrites=true&w=majority...","timestamp":"2023-02-15T00:07:27.872Z"}
{"level":"info","message":"Listening on port 2017...😎👌","timestamp":"2023-02-15T00:08:00.480Z"}
{"level":"info","message":"Connected to mongodb+srv://PosiblueMaChiNaTor:4Pk6AcmtsGIRVZcU@cluster0.7hlaj.gcp.mongodb.net/test?retryWrites=true&w=majority...","timestamp":"2023-02-15T00:08:01.087Z"}
{"level":"info","message":"Listening on port 2017...😎👌","timestamp":"2023-02-15T00:08:02.760Z"}
{"level":"info","message":"Connected to mongodb+srv://PosiblueMaChiNaTor:4Pk6AcmtsGIRVZcU@cluster0.7hlaj.gcp.mongodb.net/test?retryWrites=true&w=majority...","timestamp":"2023-02-15T00:08:03.369Z"}
{"level":"info","message":"Listening on port 2017...😎👌","timestamp":"2023-02-15T00:11:19.559Z"}
{"level":"info","message":"Connected to mongodb+srv://PosiblueMaChiNaTor:4Pk6AcmtsGIRVZcU@cluster0.7hlaj.gcp.mongodb.net/test?retryWrites=true&w=majority...","timestamp":"2023-02-15T00:11:20.199Z"}
{"level":"info","message":"Listening on port 2017...😎👌","timestamp":"2023-02-15T00:14:16.477Z"}
{"level":"info","message":"Connected to mongodb+srv://PosiblueMaChiNaTor:4Pk6AcmtsGIRVZcU@cluster0.7hlaj.gcp.mongodb.net/test?retryWrites=true&w=majority...","timestamp":"2023-02-15T00:14:17.038Z"}
{"level":"info","message":"Listening on port 2017...😎👌","timestamp":"2023-02-15T00:14:42.873Z"}
{"level":"info","message":"Connected to mongodb+srv://PosiblueMaChiNaTor:4Pk6AcmtsGIRVZcU@cluster0.7hlaj.gcp.mongodb.net/test?retryWrites=true&w=majority...","timestamp":"2023-02-15T00:14:43.494Z"}
{"level":"info","message":"Listening on port 2017...😎👌","timestamp":"2023-02-15T00:15:10.991Z"}
{"level":"info","message":"Connected to mongodb+srv://PosiblueMaChiNaTor:4Pk6AcmtsGIRVZcU@cluster0.7hlaj.gcp.mongodb.net/test?retryWrites=true&w=majority...","timestamp":"2023-02-15T00:15:11.727Z"}
{"level":"info","message":"Listening on port 2017...😎👌","timestamp":"2023-02-15T00:16:10.341Z"}
{"level":"info","message":"Connected to mongodb+srv://PosiblueMaChiNaTor:4Pk6AcmtsGIRVZcU@cluster0.7hlaj.gcp.mongodb.net/test?retryWrites=true&w=majority...","timestamp":"2023-02-15T00:16:11.115Z"}
{"level":"info","message":"Listening on port 2017...😎👌","timestamp":"2023-02-15T00:16:22.331Z"}
{"level":"info","message":"Connected to mongodb+srv://PosiblueMaChiNaTor:4Pk6AcmtsGIRVZcU@cluster0.7hlaj.gcp.mongodb.net/test?retryWrites=true&w=majority...","timestamp":"2023-02-15T00:16:22.929Z"}
{"message":"Cast to ObjectId failed for value \"undefined\" (type string) at path \"_id\" for model \"Plants\"","stack":"CastError: Cast to ObjectId failed for value \"undefined\" (type string) at path \"_id\" for model \"Plants\"\n    at model.Query.exec (/Users/elimo/lighthouse/bahar/server/node_modules/mongoose/lib/query.js:4498:21)\n    at model.Query.Query.then (/Users/elimo/lighthouse/bahar/server/node_modules/mongoose/lib/query.js:4592:15)","stringValue":"\"undefined\"","kind":"ObjectId","value":"undefined","path":"_id","reason":{},"valueType":"string","level":"error","timestamp":"2023-02-15T00:42:26.270Z"}
{"message":"Cast to ObjectId failed for value \"undefined\" (type string) at path \"_id\" for model \"Plants\"","stack":"CastError: Cast to ObjectId failed for value \"undefined\" (type string) at path \"_id\" for model \"Plants\"\n    at model.Query.exec (/Users/elimo/lighthouse/bahar/server/node_modules/mongoose/lib/query.js:4498:21)\n    at model.Query.Query.then (/Users/elimo/lighthouse/bahar/server/node_modules/mongoose/lib/query.js:4592:15)","stringValue":"\"undefined\"","kind":"ObjectId","value":"undefined","path":"_id","reason":{},"valueType":"string","level":"error","timestamp":"2023-02-15T00:57:23.506Z"}
{"message":"Cast to ObjectId failed for value \"undefined\" (type string) at path \"_id\" for model \"Plants\"","stack":"CastError: Cast to ObjectId failed for value \"undefined\" (type string) at path \"_id\" for model \"Plants\"\n    at model.Query.exec (/Users/elimo/lighthouse/bahar/server/node_modules/mongoose/lib/query.js:4498:21)\n    at model.Query.Query.then (/Users/elimo/lighthouse/bahar/server/node_modules/mongoose/lib/query.js:4592:15)","stringValue":"\"undefined\"","kind":"ObjectId","value":"undefined","path":"_id","reason":{},"valueType":"string","level":"error","timestamp":"2023-02-15T00:58:39.086Z"}
{"message":"Cast to ObjectId failed for value \"undefined\" (type string) at path \"_id\" for model \"Plants\"","stack":"CastError: Cast to ObjectId failed for value \"undefined\" (type string) at path \"_id\" for model \"Plants\"\n    at model.Query.exec (/Users/elimo/lighthouse/bahar/server/node_modules/mongoose/lib/query.js:4498:21)\n    at model.Query.Query.then (/Users/elimo/lighthouse/bahar/server/node_modules/mongoose/lib/query.js:4592:15)","stringValue":"\"undefined\"","kind":"ObjectId","value":"undefined","path":"_id","reason":{},"valueType":"string","level":"error","timestamp":"2023-02-15T01:03:30.901Z"}
{"message":"Cast to ObjectId failed for value \"undefined\" (type string) at path \"_id\" for model \"Plants\"","stack":"CastError: Cast to ObjectId failed for value \"undefined\" (type string) at path \"_id\" for model \"Plants\"\n    at model.Query.exec (/Users/elimo/lighthouse/bahar/server/node_modules/mongoose/lib/query.js:4498:21)\n    at model.Query.Query.then (/Users/elimo/lighthouse/bahar/server/node_modules/mongoose/lib/query.js:4592:15)","stringValue":"\"undefined\"","kind":"ObjectId","value":"undefined","path":"_id","reason":{},"valueType":"string","level":"error","timestamp":"2023-02-15T01:07:29.685Z"}
{"message":"Cast to ObjectId failed for value \"undefined\" (type string) at path \"_id\" for model \"Plants\"","stack":"CastError: Cast to ObjectId failed for value \"undefined\" (type string) at path \"_id\" for model \"Plants\"\n    at model.Query.exec (/Users/elimo/lighthouse/bahar/server/node_modules/mongoose/lib/query.js:4498:21)\n    at model.Query.Query.then (/Users/elimo/lighthouse/bahar/server/node_modules/mongoose/lib/query.js:4592:15)","stringValue":"\"undefined\"","kind":"ObjectId","value":"undefined","path":"_id","reason":{},"valueType":"string","level":"error","timestamp":"2023-02-15T01:07:38.092Z"}
{"message":"Cast to ObjectId failed for value \"undefined\" (type string) at path \"_id\" for model \"Plants\"","stack":"CastError: Cast to ObjectId failed for value \"undefined\" (type string) at path \"_id\" for model \"Plants\"\n    at model.Query.exec (/Users/elimo/lighthouse/bahar/server/node_modules/mongoose/lib/query.js:4498:21)\n    at model.Query.Query.then (/Users/elimo/lighthouse/bahar/server/node_modules/mongoose/lib/query.js:4592:15)","stringValue":"\"undefined\"","kind":"ObjectId","value":"undefined","path":"_id","reason":{},"valueType":"string","level":"error","timestamp":"2023-02-15T01:07:47.314Z"}
{"message":"Cast to ObjectId failed for value \"undefined\" (type string) at path \"_id\" for model \"Plants\"","stack":"CastError: Cast to ObjectId failed for value \"undefined\" (type string) at path \"_id\" for model \"Plants\"\n    at model.Query.exec (/Users/elimo/lighthouse/bahar/server/node_modules/mongoose/lib/query.js:4498:21)\n    at model.Query.Query.then (/Users/elimo/lighthouse/bahar/server/node_modules/mongoose/lib/query.js:4592:15)","stringValue":"\"undefined\"","kind":"ObjectId","value":"undefined","path":"_id","reason":{},"valueType":"string","level":"error","timestamp":"2023-02-15T01:08:38.410Z"}
{"level":"info","message":"Listening on port 2017...😎👌","timestamp":"2023-02-15T01:11:50.084Z"}
{"level":"info","message":"Connected to mongodb+srv://PosiblueMaChiNaTor:4Pk6AcmtsGIRVZcU@cluster0.7hlaj.gcp.mongodb.net/test?retryWrites=true&w=majority...","timestamp":"2023-02-15T01:11:50.786Z"}
{"level":"info","message":"Listening on port 2017...😎👌","timestamp":"2023-02-15T01:12:13.970Z"}
{"level":"info","message":"Connected to mongodb+srv://PosiblueMaChiNaTor:4Pk6AcmtsGIRVZcU@cluster0.7hlaj.gcp.mongodb.net/test?retryWrites=true&w=majority...","timestamp":"2023-02-15T01:12:14.434Z"}
{"message":"Cast to ObjectId failed for value \"undefined\" (type string) at path \"_id\" for model \"Plants\"","stack":"CastError: Cast to ObjectId failed for value \"undefined\" (type string) at path \"_id\" for model \"Plants\"\n    at model.Query.exec (/Users/elimo/lighthouse/bahar/server/node_modules/mongoose/lib/query.js:4498:21)\n    at model.Query.Query.then (/Users/elimo/lighthouse/bahar/server/node_modules/mongoose/lib/query.js:4592:15)","stringValue":"\"undefined\"","kind":"ObjectId","value":"undefined","path":"_id","reason":{},"valueType":"string","level":"error","timestamp":"2023-02-15T01:12:28.589Z"}
{"level":"info","message":"Listening on port 2017...😎👌","timestamp":"2023-02-15T01:12:38.129Z"}
{"level":"info","message":"Connected to mongodb+srv://PosiblueMaChiNaTor:4Pk6AcmtsGIRVZcU@cluster0.7hlaj.gcp.mongodb.net/test?retryWrites=true&w=majority...","timestamp":"2023-02-15T01:12:38.845Z"}
{"message":"Cast to ObjectId failed for value \"undefined\" (type string) at path \"_id\" for model \"Plants\"","stack":"CastError: Cast to ObjectId failed for value \"undefined\" (type string) at path \"_id\" for model \"Plants\"\n    at model.Query.exec (/Users/elimo/lighthouse/bahar/server/node_modules/mongoose/lib/query.js:4498:21)\n    at model.Query.Query.then (/Users/elimo/lighthouse/bahar/server/node_modules/mongoose/lib/query.js:4592:15)","stringValue":"\"undefined\"","kind":"ObjectId","value":"undefined","path":"_id","reason":{},"valueType":"string","level":"error","timestamp":"2023-02-15T01:12:42.339Z"}
{"message":"Cast to ObjectId failed for value \"undefined\" (type string) at path \"_id\" for model \"Plants\"","stack":"CastError: Cast to ObjectId failed for value \"undefined\" (type string) at path \"_id\" for model \"Plants\"\n    at model.Query.exec (/Users/elimo/lighthouse/bahar/server/node_modules/mongoose/lib/query.js:4498:21)\n    at model.Query.Query.then (/Users/elimo/lighthouse/bahar/server/node_modules/mongoose/lib/query.js:4592:15)","stringValue":"\"undefined\"","kind":"ObjectId","value":"undefined","path":"_id","reason":{},"valueType":"string","level":"error","timestamp":"2023-02-15T01:12:58.027Z"}
{"message":"Cast to ObjectId failed for value \"undefined\" (type string) at path \"_id\" for model \"Plants\"","stack":"CastError: Cast to ObjectId failed for value \"undefined\" (type string) at path \"_id\" for model \"Plants\"\n    at model.Query.exec (/Users/elimo/lighthouse/bahar/server/node_modules/mongoose/lib/query.js:4498:21)\n    at model.Query.Query.then (/Users/elimo/lighthouse/bahar/server/node_modules/mongoose/lib/query.js:4592:15)","stringValue":"\"undefined\"","kind":"ObjectId","value":"undefined","path":"_id","reason":{},"valueType":"string","level":"error","timestamp":"2023-02-15T01:15:59.846Z"}
{"level":"info","message":"Listening on port 2017...😎👌","timestamp":"2023-02-15T01:18:53.914Z"}
{"level":"info","message":"Connected to mongodb+srv://PosiblueMaChiNaTor:4Pk6AcmtsGIRVZcU@cluster0.7hlaj.gcp.mongodb.net/test?retryWrites=true&w=majority...","timestamp":"2023-02-15T01:18:54.459Z"}
{"message":"Cast to ObjectId failed for value \"undefined\" (type string) at path \"_id\" for model \"Plants\"","stack":"CastError: Cast to ObjectId failed for value \"undefined\" (type string) at path \"_id\" for model \"Plants\"\n    at model.Query.exec (/Users/elimo/lighthouse/bahar/server/node_modules/mongoose/lib/query.js:4498:21)\n    at model.Query.Query.then (/Users/elimo/lighthouse/bahar/server/node_modules/mongoose/lib/query.js:4592:15)","stringValue":"\"undefined\"","kind":"ObjectId","value":"undefined","path":"_id","reason":{},"valueType":"string","level":"error","timestamp":"2023-02-15T01:19:02.291Z"}
{"message":"Cast to ObjectId failed for value \"undefined\" (type string) at path \"_id\" for model \"Plants\"","stack":"CastError: Cast to ObjectId failed for value \"undefined\" (type string) at path \"_id\" for model \"Plants\"\n    at model.Query.exec (/Users/elimo/lighthouse/bahar/server/node_modules/mongoose/lib/query.js:4498:21)\n    at model.Query.Query.then (/Users/elimo/lighthouse/bahar/server/node_modules/mongoose/lib/query.js:4592:15)","stringValue":"\"undefined\"","kind":"ObjectId","value":"undefined","path":"_id","reason":{},"valueType":"string","level":"error","timestamp":"2023-02-15T01:22:08.052Z"}
{"message":"Cast to ObjectId failed for value \"undefined\" (type string) at path \"_id\" for model \"Plants\"","stack":"CastError: Cast to ObjectId failed for value \"undefined\" (type string) at path \"_id\" for model \"Plants\"\n    at model.Query.exec (/Users/elimo/lighthouse/bahar/server/node_modules/mongoose/lib/query.js:4498:21)\n    at model.Query.Query.then (/Users/elimo/lighthouse/bahar/server/node_modules/mongoose/lib/query.js:4592:15)","stringValue":"\"undefined\"","kind":"ObjectId","value":"undefined","path":"_id","reason":{},"valueType":"string","level":"error","timestamp":"2023-02-15T01:23:41.325Z"}
{"message":"Cast to ObjectId failed for value \"undefined\" (type string) at path \"_id\" for model \"Plants\"","stack":"CastError: Cast to ObjectId failed for value \"undefined\" (type string) at path \"_id\" for model \"Plants\"\n    at model.Query.exec (/Users/elimo/lighthouse/bahar/server/node_modules/mongoose/lib/query.js:4498:21)\n    at model.Query.Query.then (/Users/elimo/lighthouse/bahar/server/node_modules/mongoose/lib/query.js:4592:15)","stringValue":"\"undefined\"","kind":"ObjectId","value":"undefined","path":"_id","reason":{},"valueType":"string","level":"error","timestamp":"2023-02-15T01:28:36.321Z"}
{"message":"Cast to ObjectId failed for value \"undefined\" (type string) at path \"_id\" for model \"Plants\"","stack":"CastError: Cast to ObjectId failed for value \"undefined\" (type string) at path \"_id\" for model \"Plants\"\n    at model.Query.exec (/Users/elimo/lighthouse/bahar/server/node_modules/mongoose/lib/query.js:4498:21)\n    at model.Query.Query.then (/Users/elimo/lighthouse/bahar/server/node_modules/mongoose/lib/query.js:4592:15)","stringValue":"\"undefined\"","kind":"ObjectId","value":"undefined","path":"_id","reason":{},"valueType":"string","level":"error","timestamp":"2023-02-15T01:29:36.463Z"}
{"message":"Cast to ObjectId failed for value \"undefined\" (type string) at path \"_id\" for model \"Plants\"","stack":"CastError: Cast to ObjectId failed for value \"undefined\" (type string) at path \"_id\" for model \"Plants\"\n    at model.Query.exec (/Users/elimo/lighthouse/bahar/server/node_modules/mongoose/lib/query.js:4498:21)\n    at model.Query.Query.then (/Users/elimo/lighthouse/bahar/server/node_modules/mongoose/lib/query.js:4592:15)","stringValue":"\"undefined\"","kind":"ObjectId","value":"undefined","path":"_id","reason":{},"valueType":"string","level":"error","timestamp":"2023-02-15T01:32:58.478Z"}
{"message":"Cast to ObjectId failed for value \"undefined\" (type string) at path \"_id\" for model \"Plants\"","stack":"CastError: Cast to ObjectId failed for value \"undefined\" (type string) at path \"_id\" for model \"Plants\"\n    at model.Query.exec (/Users/elimo/lighthouse/bahar/server/node_modules/mongoose/lib/query.js:4498:21)\n    at model.Query.Query.then (/Users/elimo/lighthouse/bahar/server/node_modules/mongoose/lib/query.js:4592:15)","stringValue":"\"undefined\"","kind":"ObjectId","value":"undefined","path":"_id","reason":{},"valueType":"string","level":"error","timestamp":"2023-02-15T01:35:28.031Z"}
{"message":"Cast to ObjectId failed for value \"undefined\" (type string) at path \"_id\" for model \"Plants\"","stack":"CastError: Cast to ObjectId failed for value \"undefined\" (type string) at path \"_id\" for model \"Plants\"\n    at model.Query.exec (/Users/elimo/lighthouse/bahar/server/node_modules/mongoose/lib/query.js:4498:21)\n    at model.Query.Query.then (/Users/elimo/lighthouse/bahar/server/node_modules/mongoose/lib/query.js:4592:15)","stringValue":"\"undefined\"","kind":"ObjectId","value":"undefined","path":"_id","reason":{},"valueType":"string","level":"error","timestamp":"2023-02-15T01:35:33.427Z"}
{"message":"Cast to ObjectId failed for value \"undefined\" (type string) at path \"_id\" for model \"Plants\"","stack":"CastError: Cast to ObjectId failed for value \"undefined\" (type string) at path \"_id\" for model \"Plants\"\n    at model.Query.exec (/Users/elimo/lighthouse/bahar/server/node_modules/mongoose/lib/query.js:4498:21)\n    at model.Query.Query.then (/Users/elimo/lighthouse/bahar/server/node_modules/mongoose/lib/query.js:4592:15)","stringValue":"\"undefined\"","kind":"ObjectId","value":"undefined","path":"_id","reason":{},"valueType":"string","level":"error","timestamp":"2023-02-15T01:36:55.259Z"}
{"message":"Cast to ObjectId failed for value \"undefined\" (type string) at path \"_id\" for model \"Plants\"","stack":"CastError: Cast to ObjectId failed for value \"undefined\" (type string) at path \"_id\" for model \"Plants\"\n    at model.Query.exec (/Users/elimo/lighthouse/bahar/server/node_modules/mongoose/lib/query.js:4498:21)\n    at model.Query.Query.then (/Users/elimo/lighthouse/bahar/server/node_modules/mongoose/lib/query.js:4592:15)","stringValue":"\"undefined\"","kind":"ObjectId","value":"undefined","path":"_id","reason":{},"valueType":"string","level":"error","timestamp":"2023-02-15T01:39:18.586Z"}
{"level":"info","message":"Listening on port 2017...😎👌","timestamp":"2023-02-15T01:40:31.687Z"}
{"level":"info","message":"Connected to mongodb+srv://PosiblueMaChiNaTor:4Pk6AcmtsGIRVZcU@cluster0.7hlaj.gcp.mongodb.net/test?retryWrites=true&w=majority...","timestamp":"2023-02-15T01:40:32.406Z"}
{"message":"Cast to ObjectId failed for value \"undefined\" (type string) at path \"_id\" for model \"Plants\"","stack":"CastError: Cast to ObjectId failed for value \"undefined\" (type string) at path \"_id\" for model \"Plants\"\n    at model.Query.exec (/Users/elimo/lighthouse/bahar/server/node_modules/mongoose/lib/query.js:4498:21)\n    at model.Query.Query.then (/Users/elimo/lighthouse/bahar/server/node_modules/mongoose/lib/query.js:4592:15)","stringValue":"\"undefined\"","kind":"ObjectId","value":"undefined","path":"_id","reason":{},"valueType":"string","level":"error","timestamp":"2023-02-15T01:40:38.290Z"}
{"message":"Cast to ObjectId failed for value \"undefined\" (type string) at path \"_id\" for model \"Plants\"","stack":"CastError: Cast to ObjectId failed for value \"undefined\" (type string) at path \"_id\" for model \"Plants\"\n    at model.Query.exec (/Users/elimo/lighthouse/bahar/server/node_modules/mongoose/lib/query.js:4498:21)\n    at model.Query.Query.then (/Users/elimo/lighthouse/bahar/server/node_modules/mongoose/lib/query.js:4592:15)","stringValue":"\"undefined\"","kind":"ObjectId","value":"undefined","path":"_id","reason":{},"valueType":"string","level":"error","timestamp":"2023-02-15T01:42:35.699Z"}
{"level":"info","message":"Listening on port 2017...😎👌","timestamp":"2023-02-15T01:46:46.598Z"}
{"level":"info","message":"Connected to mongodb+srv://PosiblueMaChiNaTor:4Pk6AcmtsGIRVZcU@cluster0.7hlaj.gcp.mongodb.net/test?retryWrites=true&w=majority...","timestamp":"2023-02-15T01:46:47.127Z"}
{"message":"Cast to ObjectId failed for value \"undefined\" (type string) at path \"_id\" for model \"Plants\"","stack":"CastError: Cast to ObjectId failed for value \"undefined\" (type string) at path \"_id\" for model \"Plants\"\n    at model.Query.exec (/Users/elimo/lighthouse/bahar/server/node_modules/mongoose/lib/query.js:4498:21)\n    at model.Query.Query.then (/Users/elimo/lighthouse/bahar/server/node_modules/mongoose/lib/query.js:4592:15)","stringValue":"\"undefined\"","kind":"ObjectId","value":"undefined","path":"_id","reason":{},"valueType":"string","level":"error","timestamp":"2023-02-15T01:46:52.536Z"}
{"message":"Cast to ObjectId failed for value \"undefined\" (type string) at path \"_id\" for model \"Plants\"","stack":"CastError: Cast to ObjectId failed for value \"undefined\" (type string) at path \"_id\" for model \"Plants\"\n    at model.Query.exec (/Users/elimo/lighthouse/bahar/server/node_modules/mongoose/lib/query.js:4498:21)\n    at model.Query.Query.then (/Users/elimo/lighthouse/bahar/server/node_modules/mongoose/lib/query.js:4592:15)","stringValue":"\"undefined\"","kind":"ObjectId","value":"undefined","path":"_id","reason":{},"valueType":"string","level":"error","timestamp":"2023-02-15T01:48:36.519Z"}
{"message":"Cast to ObjectId failed for value \"undefined\" (type string) at path \"_id\" for model \"Plants\"","stack":"CastError: Cast to ObjectId failed for value \"undefined\" (type string) at path \"_id\" for model \"Plants\"\n    at model.Query.exec (/Users/elimo/lighthouse/bahar/server/node_modules/mongoose/lib/query.js:4498:21)\n    at model.Query.Query.then (/Users/elimo/lighthouse/bahar/server/node_modules/mongoose/lib/query.js:4592:15)","stringValue":"\"undefined\"","kind":"ObjectId","value":"undefined","path":"_id","reason":{},"valueType":"string","level":"error","timestamp":"2023-02-15T01:50:29.791Z"}
{"message":"Cast to ObjectId failed for value \"undefined\" (type string) at path \"_id\" for model \"Plants\"","stack":"CastError: Cast to ObjectId failed for value \"undefined\" (type string) at path \"_id\" for model \"Plants\"\n    at model.Query.exec (/Users/elimo/lighthouse/bahar/server/node_modules/mongoose/lib/query.js:4498:21)\n    at model.Query.Query.then (/Users/elimo/lighthouse/bahar/server/node_modules/mongoose/lib/query.js:4592:15)","stringValue":"\"undefined\"","kind":"ObjectId","value":"undefined","path":"_id","reason":{},"valueType":"string","level":"error","timestamp":"2023-02-15T01:54:16.374Z"}
{"message":"Cast to ObjectId failed for value \"undefined\" (type string) at path \"_id\" for model \"Plants\"","stack":"CastError: Cast to ObjectId failed for value \"undefined\" (type string) at path \"_id\" for model \"Plants\"\n    at model.Query.exec (/Users/elimo/lighthouse/bahar/server/node_modules/mongoose/lib/query.js:4498:21)\n    at model.Query.Query.then (/Users/elimo/lighthouse/bahar/server/node_modules/mongoose/lib/query.js:4592:15)","stringValue":"\"undefined\"","kind":"ObjectId","value":"undefined","path":"_id","reason":{},"valueType":"string","level":"error","timestamp":"2023-02-15T01:55:47.023Z"}
{"message":"Cast to ObjectId failed for value \"undefined\" (type string) at path \"_id\" for model \"Plants\"","stack":"CastError: Cast to ObjectId failed for value \"undefined\" (type string) at path \"_id\" for model \"Plants\"\n    at model.Query.exec (/Users/elimo/lighthouse/bahar/server/node_modules/mongoose/lib/query.js:4498:21)\n    at model.Query.Query.then (/Users/elimo/lighthouse/bahar/server/node_modules/mongoose/lib/query.js:4592:15)","stringValue":"\"undefined\"","kind":"ObjectId","value":"undefined","path":"_id","reason":{},"valueType":"string","level":"error","timestamp":"2023-02-15T02:00:13.917Z"}
{"message":"Cast to ObjectId failed for value \"undefined\" (type string) at path \"_id\" for model \"Plants\"","stack":"CastError: Cast to ObjectId failed for value \"undefined\" (type string) at path \"_id\" for model \"Plants\"\n    at model.Query.exec (/Users/elimo/lighthouse/bahar/server/node_modules/mongoose/lib/query.js:4498:21)\n    at model.Query.Query.then (/Users/elimo/lighthouse/bahar/server/node_modules/mongoose/lib/query.js:4592:15)","stringValue":"\"undefined\"","kind":"ObjectId","value":"undefined","path":"_id","reason":{},"valueType":"string","level":"error","timestamp":"2023-02-15T02:02:05.221Z"}
{"message":"Cast to ObjectId failed for value \"undefined\" (type string) at path \"_id\" for model \"Plants\"","stack":"CastError: Cast to ObjectId failed for value \"undefined\" (type string) at path \"_id\" for model \"Plants\"\n    at model.Query.exec (/Users/elimo/lighthouse/bahar/server/node_modules/mongoose/lib/query.js:4498:21)\n    at model.Query.Query.then (/Users/elimo/lighthouse/bahar/server/node_modules/mongoose/lib/query.js:4592:15)","stringValue":"\"undefined\"","kind":"ObjectId","value":"undefined","path":"_id","reason":{},"valueType":"string","level":"error","timestamp":"2023-02-15T02:03:15.045Z"}
{"message":"Cast to ObjectId failed for value \"undefined\" (type string) at path \"_id\" for model \"Plants\"","stack":"CastError: Cast to ObjectId failed for value \"undefined\" (type string) at path \"_id\" for model \"Plants\"\n    at model.Query.exec (/Users/elimo/lighthouse/bahar/server/node_modules/mongoose/lib/query.js:4498:21)\n    at model.Query.Query.then (/Users/elimo/lighthouse/bahar/server/node_modules/mongoose/lib/query.js:4592:15)","stringValue":"\"undefined\"","kind":"ObjectId","value":"undefined","path":"_id","reason":{},"valueType":"string","level":"error","timestamp":"2023-02-15T02:05:25.316Z"}
{"level":"info","message":"Listening on port 2017...😎👌","timestamp":"2023-02-15T02:09:00.930Z"}
{"level":"info","message":"Connected to mongodb+srv://PosiblueMaChiNaTor:4Pk6AcmtsGIRVZcU@cluster0.7hlaj.gcp.mongodb.net/test?retryWrites=true&w=majority...","timestamp":"2023-02-15T02:09:01.491Z"}
{"level":"info","message":"Listening on port 2017...😎👌","timestamp":"2023-02-15T02:09:23.247Z"}
{"level":"info","message":"Connected to mongodb+srv://PosiblueMaChiNaTor:4Pk6AcmtsGIRVZcU@cluster0.7hlaj.gcp.mongodb.net/test?retryWrites=true&w=majority...","timestamp":"2023-02-15T02:09:23.901Z"}
{"message":"Cast to ObjectId failed for value \"undefined\" (type string) at path \"_id\" for model \"Plants\"","stack":"CastError: Cast to ObjectId failed for value \"undefined\" (type string) at path \"_id\" for model \"Plants\"\n    at model.Query.exec (/Users/elimo/lighthouse/bahar/server/node_modules/mongoose/lib/query.js:4498:21)\n    at model.Query.Query.then (/Users/elimo/lighthouse/bahar/server/node_modules/mongoose/lib/query.js:4592:15)","stringValue":"\"undefined\"","kind":"ObjectId","value":"undefined","path":"_id","reason":{},"valueType":"string","level":"error","timestamp":"2023-02-15T02:09:26.518Z"}
{"level":"info","message":"Listening on port 2017...😎👌","timestamp":"2023-02-15T02:09:39.196Z"}
{"level":"info","message":"Connected to mongodb+srv://PosiblueMaChiNaTor:4Pk6AcmtsGIRVZcU@cluster0.7hlaj.gcp.mongodb.net/test?retryWrites=true&w=majority...","timestamp":"2023-02-15T02:09:39.788Z"}
{"message":"Cast to ObjectId failed for value \"undefined\" (type string) at path \"_id\" for model \"Plants\"","stack":"CastError: Cast to ObjectId failed for value \"undefined\" (type string) at path \"_id\" for model \"Plants\"\n    at model.Query.exec (/Users/elimo/lighthouse/bahar/server/node_modules/mongoose/lib/query.js:4498:21)\n    at model.Query.Query.then (/Users/elimo/lighthouse/bahar/server/node_modules/mongoose/lib/query.js:4592:15)","stringValue":"\"undefined\"","kind":"ObjectId","value":"undefined","path":"_id","reason":{},"valueType":"string","level":"error","timestamp":"2023-02-15T02:10:51.286Z"}
{"message":"Cast to ObjectId failed for value \"undefined\" (type string) at path \"_id\" for model \"Plants\"","stack":"CastError: Cast to ObjectId failed for value \"undefined\" (type string) at path \"_id\" for model \"Plants\"\n    at model.Query.exec (/Users/elimo/lighthouse/bahar/server/node_modules/mongoose/lib/query.js:4498:21)\n    at model.Query.Query.then (/Users/elimo/lighthouse/bahar/server/node_modules/mongoose/lib/query.js:4592:15)","stringValue":"\"undefined\"","kind":"ObjectId","value":"undefined","path":"_id","reason":{},"valueType":"string","level":"error","timestamp":"2023-02-15T02:14:05.552Z"}
{"message":"Cast to ObjectId failed for value \"undefined\" (type string) at path \"_id\" for model \"Plants\"","stack":"CastError: Cast to ObjectId failed for value \"undefined\" (type string) at path \"_id\" for model \"Plants\"\n    at model.Query.exec (/Users/elimo/lighthouse/bahar/server/node_modules/mongoose/lib/query.js:4498:21)\n    at model.Query.Query.then (/Users/elimo/lighthouse/bahar/server/node_modules/mongoose/lib/query.js:4592:15)","stringValue":"\"undefined\"","kind":"ObjectId","value":"undefined","path":"_id","reason":{},"valueType":"string","level":"error","timestamp":"2023-02-15T02:19:09.357Z"}
{"level":"info","message":"Listening on port 2017...😎👌","timestamp":"2023-02-15T02:21:32.397Z"}
{"level":"info","message":"Connected to mongodb+srv://PosiblueMaChiNaTor:4Pk6AcmtsGIRVZcU@cluster0.7hlaj.gcp.mongodb.net/test?retryWrites=true&w=majority...","timestamp":"2023-02-15T02:21:32.958Z"}
{"level":"info","message":"Listening on port 2017...😎👌","timestamp":"2023-02-15T02:21:42.962Z"}
{"level":"info","message":"Connected to mongodb+srv://PosiblueMaChiNaTor:4Pk6AcmtsGIRVZcU@cluster0.7hlaj.gcp.mongodb.net/test?retryWrites=true&w=majority...","timestamp":"2023-02-15T02:21:43.582Z"}
{"message":"Cast to ObjectId failed for value \"undefined\" (type string) at path \"_id\" for model \"Plants\"","stack":"CastError: Cast to ObjectId failed for value \"undefined\" (type string) at path \"_id\" for model \"Plants\"\n    at model.Query.exec (/Users/elimo/lighthouse/bahar/server/node_modules/mongoose/lib/query.js:4498:21)\n    at model.Query.Query.then (/Users/elimo/lighthouse/bahar/server/node_modules/mongoose/lib/query.js:4592:15)","stringValue":"\"undefined\"","kind":"ObjectId","value":"undefined","path":"_id","reason":{},"valueType":"string","level":"error","timestamp":"2023-02-15T02:22:26.201Z"}
{"message":"Cast to ObjectId failed for value \"undefined\" (type string) at path \"_id\" for model \"Plants\"","stack":"CastError: Cast to ObjectId failed for value \"undefined\" (type string) at path \"_id\" for model \"Plants\"\n    at model.Query.exec (/Users/elimo/lighthouse/bahar/server/node_modules/mongoose/lib/query.js:4498:21)\n    at model.Query.Query.then (/Users/elimo/lighthouse/bahar/server/node_modules/mongoose/lib/query.js:4592:15)","stringValue":"\"undefined\"","kind":"ObjectId","value":"undefined","path":"_id","reason":{},"valueType":"string","level":"error","timestamp":"2023-02-15T02:23:53.949Z"}
{"message":"Plants validation failed: description: Path `description` (`jbkl`) is shorter than the minimum allowed length (5).","stack":"ValidationError: Plants validation failed: description: Path `description` (`jbkl`) is shorter than the minimum allowed length (5).\n    at model.Document.invalidate (/Users/elimo/lighthouse/bahar/server/node_modules/mongoose/lib/document.js:2782:32)\n    at /Users/elimo/lighthouse/bahar/server/node_modules/mongoose/lib/document.js:2574:17\n    at /Users/elimo/lighthouse/bahar/server/node_modules/mongoose/lib/schematype.js:1273:9\n    at processTicksAndRejections (node:internal/process/task_queues:78:11)","errors":{"description":{"name":"ValidatorError","message":"Path `description` (`jbkl`) is shorter than the minimum allowed length (5).","properties":{"message":"Path `description` (`jbkl`) is shorter than the minimum allowed length (5).","type":"minlength","minlength":5,"path":"description","value":"jbkl"},"kind":"minlength","path":"description","value":"jbkl"}},"_message":"Plants validation failed","level":"error","timestamp":"2023-02-15T02:24:10.452Z"}
{"message":"Cast to ObjectId failed for value \"undefined\" (type string) at path \"_id\" for model \"Plants\"","stack":"CastError: Cast to ObjectId failed for value \"undefined\" (type string) at path \"_id\" for model \"Plants\"\n    at model.Query.exec (/Users/elimo/lighthouse/bahar/server/node_modules/mongoose/lib/query.js:4498:21)\n    at model.Query.Query.then (/Users/elimo/lighthouse/bahar/server/node_modules/mongoose/lib/query.js:4592:15)","stringValue":"\"undefined\"","kind":"ObjectId","value":"undefined","path":"_id","reason":{},"valueType":"string","level":"error","timestamp":"2023-02-15T02:28:11.918Z"}
{"message":"Cast to ObjectId failed for value \"undefined\" (type string) at path \"_id\" for model \"Plants\"","stack":"CastError: Cast to ObjectId failed for value \"undefined\" (type string) at path \"_id\" for model \"Plants\"\n    at model.Query.exec (/Users/elimo/lighthouse/bahar/server/node_modules/mongoose/lib/query.js:4498:21)\n    at model.Query.Query.then (/Users/elimo/lighthouse/bahar/server/node_modules/mongoose/lib/query.js:4592:15)","stringValue":"\"undefined\"","kind":"ObjectId","value":"undefined","path":"_id","reason":{},"valueType":"string","level":"error","timestamp":"2023-02-15T02:29:46.407Z"}
{"message":"Cast to ObjectId failed for value \"undefined\" (type string) at path \"_id\" for model \"Plants\"","stack":"CastError: Cast to ObjectId failed for value \"undefined\" (type string) at path \"_id\" for model \"Plants\"\n    at model.Query.exec (/Users/elimo/lighthouse/bahar/server/node_modules/mongoose/lib/query.js:4498:21)\n    at model.Query.Query.then (/Users/elimo/lighthouse/bahar/server/node_modules/mongoose/lib/query.js:4592:15)","stringValue":"\"undefined\"","kind":"ObjectId","value":"undefined","path":"_id","reason":{},"valueType":"string","level":"error","timestamp":"2023-02-15T02:30:24.227Z"}
{"message":"Cast to ObjectId failed for value \"undefined\" (type string) at path \"_id\" for model \"Plants\"","stack":"CastError: Cast to ObjectId failed for value \"undefined\" (type string) at path \"_id\" for model \"Plants\"\n    at model.Query.exec (/Users/elimo/lighthouse/bahar/server/node_modules/mongoose/lib/query.js:4498:21)\n    at model.Query.Query.then (/Users/elimo/lighthouse/bahar/server/node_modules/mongoose/lib/query.js:4592:15)","stringValue":"\"undefined\"","kind":"ObjectId","value":"undefined","path":"_id","reason":{},"valueType":"string","level":"error","timestamp":"2023-02-15T02:32:02.732Z"}
{"message":"Plants validation failed: title: Path `title` (`hv`) is shorter than the minimum allowed length (5).","stack":"ValidationError: Plants validation failed: title: Path `title` (`hv`) is shorter than the minimum allowed length (5).\n    at model.Document.invalidate (/Users/elimo/lighthouse/bahar/server/node_modules/mongoose/lib/document.js:2782:32)\n    at /Users/elimo/lighthouse/bahar/server/node_modules/mongoose/lib/document.js:2574:17\n    at /Users/elimo/lighthouse/bahar/server/node_modules/mongoose/lib/schematype.js:1273:9\n    at processTicksAndRejections (node:internal/process/task_queues:78:11)","errors":{"title":{"name":"ValidatorError","message":"Path `title` (`hv`) is shorter than the minimum allowed length (5).","properties":{"message":"Path `title` (`hv`) is shorter than the minimum allowed length (5).","type":"minlength","minlength":5,"path":"title","value":"hv"},"kind":"minlength","path":"title","value":"hv"}},"_message":"Plants validation failed","level":"error","timestamp":"2023-02-15T02:34:13.999Z"}
{"message":"Plants validation failed: title: Path `title` (`hv`) is shorter than the minimum allowed length (5).","stack":"ValidationError: Plants validation failed: title: Path `title` (`hv`) is shorter than the minimum allowed length (5).\n    at model.Document.invalidate (/Users/elimo/lighthouse/bahar/server/node_modules/mongoose/lib/document.js:2782:32)\n    at /Users/elimo/lighthouse/bahar/server/node_modules/mongoose/lib/document.js:2574:17\n    at /Users/elimo/lighthouse/bahar/server/node_modules/mongoose/lib/schematype.js:1273:9\n    at processTicksAndRejections (node:internal/process/task_queues:78:11)","errors":{"title":{"name":"ValidatorError","message":"Path `title` (`hv`) is shorter than the minimum allowed length (5).","properties":{"message":"Path `title` (`hv`) is shorter than the minimum allowed length (5).","type":"minlength","minlength":5,"path":"title","value":"hv"},"kind":"minlength","path":"title","value":"hv"}},"_message":"Plants validation failed","level":"error","timestamp":"2023-02-15T02:37:16.543Z"}
{"message":"Cast to ObjectId failed for value \"undefined\" (type string) at path \"_id\" for model \"Plants\"","stack":"CastError: Cast to ObjectId failed for value \"undefined\" (type string) at path \"_id\" for model \"Plants\"\n    at model.Query.exec (/Users/elimo/lighthouse/bahar/server/node_modules/mongoose/lib/query.js:4498:21)\n    at model.Query.Query.then (/Users/elimo/lighthouse/bahar/server/node_modules/mongoose/lib/query.js:4592:15)","stringValue":"\"undefined\"","kind":"ObjectId","value":"undefined","path":"_id","reason":{},"valueType":"string","level":"error","timestamp":"2023-02-15T03:26:11.770Z"}
{"message":"Cast to ObjectId failed for value \"undefined\" (type string) at path \"_id\" for model \"Plants\"","stack":"CastError: Cast to ObjectId failed for value \"undefined\" (type string) at path \"_id\" for model \"Plants\"\n    at model.Query.exec (/Users/elimo/lighthouse/bahar/server/node_modules/mongoose/lib/query.js:4498:21)\n    at model.Query.Query.then (/Users/elimo/lighthouse/bahar/server/node_modules/mongoose/lib/query.js:4592:15)","stringValue":"\"undefined\"","kind":"ObjectId","value":"undefined","path":"_id","reason":{},"valueType":"string","level":"error","timestamp":"2023-02-15T03:26:36.891Z"}
{"message":"Cast to ObjectId failed for value \"\" (type string) at path \"_id\" for model \"Category\"","stack":"CastError: Cast to ObjectId failed for value \"\" (type string) at path \"_id\" for model \"Category\"\n    at model.Query.exec (/Users/elimo/lighthouse/bahar/server/node_modules/mongoose/lib/query.js:4498:21)\n    at model.Query.Query.then (/Users/elimo/lighthouse/bahar/server/node_modules/mongoose/lib/query.js:4592:15)\n    at runMicrotasks (<anonymous>)\n    at processTicksAndRejections (node:internal/process/task_queues:96:5)","stringValue":"\"\"","kind":"ObjectId","value":"","path":"_id","reason":{},"valueType":"string","level":"error","timestamp":"2023-02-15T03:27:08.032Z"}
{"level":"info","message":"Listening on port 2017...😎👌","timestamp":"2023-02-15T03:59:07.209Z"}
{"level":"info","message":"Connected to mongodb+srv://PosiblueMaChiNaTor:4Pk6AcmtsGIRVZcU@cluster0.7hlaj.gcp.mongodb.net/test?retryWrites=true&w=majority...","timestamp":"2023-02-15T03:59:07.715Z"}
{"level":"info","message":"Listening on port 2017...😎👌","timestamp":"2023-02-15T03:59:17.992Z"}
{"level":"info","message":"Connected to mongodb+srv://PosiblueMaChiNaTor:4Pk6AcmtsGIRVZcU@cluster0.7hlaj.gcp.mongodb.net/test?retryWrites=true&w=majority...","timestamp":"2023-02-15T03:59:18.456Z"}
{"level":"info","message":"Listening on port 2017...😎👌","timestamp":"2023-02-15T03:59:31.220Z"}
{"level":"info","message":"Connected to mongodb+srv://PosiblueMaChiNaTor:4Pk6AcmtsGIRVZcU@cluster0.7hlaj.gcp.mongodb.net/test?retryWrites=true&w=majority...","timestamp":"2023-02-15T03:59:31.670Z"}
{"message":"Cast to ObjectId failed for value \"undefined\" (type string) at path \"_id\" for model \"Plants\"","stack":"CastError: Cast to ObjectId failed for value \"undefined\" (type string) at path \"_id\" for model \"Plants\"\n    at model.Query.exec (/Users/elimo/lighthouse/bahar/server/node_modules/mongoose/lib/query.js:4498:21)\n    at model.Query.Query.then (/Users/elimo/lighthouse/bahar/server/node_modules/mongoose/lib/query.js:4592:15)","stringValue":"\"undefined\"","kind":"ObjectId","value":"undefined","path":"_id","reason":{},"valueType":"string","level":"error","timestamp":"2023-02-15T04:57:39.750Z"}
{"message":"Cast to ObjectId failed for value \"undefined\" (type string) at path \"_id\" for model \"Plants\"","stack":"CastError: Cast to ObjectId failed for value \"undefined\" (type string) at path \"_id\" for model \"Plants\"\n    at model.Query.exec (/Users/elimo/lighthouse/bahar/server/node_modules/mongoose/lib/query.js:4498:21)\n    at model.Query.Query.then (/Users/elimo/lighthouse/bahar/server/node_modules/mongoose/lib/query.js:4592:15)","stringValue":"\"undefined\"","kind":"ObjectId","value":"undefined","path":"_id","reason":{},"valueType":"string","level":"error","timestamp":"2023-02-15T06:31:35.392Z"}
{"message":"Cast to ObjectId failed for value \"undefined\" (type string) at path \"_id\" for model \"Plants\"","stack":"CastError: Cast to ObjectId failed for value \"undefined\" (type string) at path \"_id\" for model \"Plants\"\n    at model.Query.exec (/Users/elimo/lighthouse/bahar/server/node_modules/mongoose/lib/query.js:4498:21)\n    at model.Query.Query.then (/Users/elimo/lighthouse/bahar/server/node_modules/mongoose/lib/query.js:4592:15)","stringValue":"\"undefined\"","kind":"ObjectId","value":"undefined","path":"_id","reason":{},"valueType":"string","level":"error","timestamp":"2023-02-15T06:35:28.380Z"}
{"level":"info","message":"Listening on port 2017...😎👌","timestamp":"2023-02-15T07:02:53.833Z"}
{"level":"info","message":"Connected to mongodb+srv://PosiblueMaChiNaTor:4Pk6AcmtsGIRVZcU@cluster0.7hlaj.gcp.mongodb.net/test?retryWrites=true&w=majority...","timestamp":"2023-02-15T07:02:54.506Z"}
{"message":"Cast to ObjectId failed for value \"undefined\" (type string) at path \"_id\" for model \"Plants\"","stack":"CastError: Cast to ObjectId failed for value \"undefined\" (type string) at path \"_id\" for model \"Plants\"\n    at model.Query.exec (/Users/elimo/lighthouse/bahar/server/node_modules/mongoose/lib/query.js:4498:21)\n    at model.Query.Query.then (/Users/elimo/lighthouse/bahar/server/node_modules/mongoose/lib/query.js:4592:15)","stringValue":"\"undefined\"","kind":"ObjectId","value":"undefined","path":"_id","reason":{},"valueType":"string","level":"error","timestamp":"2023-02-15T07:59:59.006Z"}
{"level":"info","message":"Listening on port 2017...😎👌","timestamp":"2023-02-15T08:24:22.968Z"}
{"level":"info","message":"Connected to mongodb+srv://PosiblueMaChiNaTor:4Pk6AcmtsGIRVZcU@cluster0.7hlaj.gcp.mongodb.net/test?retryWrites=true&w=majority...","timestamp":"2023-02-15T08:24:23.749Z"}
{"level":"info","message":"Listening on port 2017...😎👌","timestamp":"2023-02-15T08:31:39.541Z"}
{"level":"info","message":"Connected to mongodb+srv://PosiblueMaChiNaTor:4Pk6AcmtsGIRVZcU@cluster0.7hlaj.gcp.mongodb.net/test?retryWrites=true&w=majority...","timestamp":"2023-02-15T08:31:40.271Z"}
{"level":"info","message":"Listening on port 2017...😎👌","timestamp":"2023-02-15T08:35:10.080Z"}
{"level":"info","message":"Connected to mongodb+srv://PosiblueMaChiNaTor:4Pk6AcmtsGIRVZcU@cluster0.7hlaj.gcp.mongodb.net/test?retryWrites=true&w=majority...","timestamp":"2023-02-15T08:35:10.601Z"}
{"level":"info","message":"Listening on port 2017...😎👌","timestamp":"2023-02-15T10:16:15.019Z"}
{"level":"info","message":"Connected to mongodb+srv://PosiblueMaChiNaTor:4Pk6AcmtsGIRVZcU@cluster0.7hlaj.gcp.mongodb.net/test?retryWrites=true&w=majority...","timestamp":"2023-02-15T10:16:15.761Z"}
{"level":"info","message":"Listening on port 2017...😎👌","timestamp":"2023-02-15T10:18:23.667Z"}
{"level":"info","message":"Connected to mongodb+srv://PosiblueMaChiNaTor:4Pk6AcmtsGIRVZcU@cluster0.7hlaj.gcp.mongodb.net/test?retryWrites=true&w=majority...","timestamp":"2023-02-15T10:18:24.443Z"}
{"level":"info","message":"Listening on port 2017...😎👌","timestamp":"2023-02-15T10:29:14.737Z"}
{"level":"info","message":"Connected to mongodb+srv://PosiblueMaChiNaTor:4Pk6AcmtsGIRVZcU@cluster0.7hlaj.gcp.mongodb.net/test?retryWrites=true&w=majority...","timestamp":"2023-02-15T10:29:15.534Z"}
{"level":"info","message":"Listening on port 2017...😎👌","timestamp":"2023-02-15T10:38:56.669Z"}
{"level":"info","message":"Connected to mongodb+srv://PosiblueMaChiNaTor:4Pk6AcmtsGIRVZcU@cluster0.7hlaj.gcp.mongodb.net/test?retryWrites=true&w=majority...","timestamp":"2023-02-15T10:38:57.406Z"}
{"level":"info","message":"Listening on port 2017...😎👌","timestamp":"2023-02-15T10:41:33.687Z"}
{"level":"info","message":"Connected to mongodb+srv://PosiblueMaChiNaTor:4Pk6AcmtsGIRVZcU@cluster0.7hlaj.gcp.mongodb.net/test?retryWrites=true&w=majority...","timestamp":"2023-02-15T10:41:34.397Z"}
{"level":"info","message":"Listening on port 2017...😎👌","timestamp":"2023-02-15T17:45:01.951Z"}
{"level":"info","message":"Connected to mongodb+srv://PosiblueMaChiNaTor:4Pk6AcmtsGIRVZcU@cluster0.7hlaj.gcp.mongodb.net/test?retryWrites=true&w=majority...","timestamp":"2023-02-15T17:45:02.441Z"}
{"message":"Cast to ObjectId failed for value \"undefined\" (type string) at path \"_id\" for model \"Plants\"","stack":"CastError: Cast to ObjectId failed for value \"undefined\" (type string) at path \"_id\" for model \"Plants\"\n    at model.Query.exec (/Users/elimo/lighthouse/bahar/server/node_modules/mongoose/lib/query.js:4498:21)\n    at model.Query.Query.then (/Users/elimo/lighthouse/bahar/server/node_modules/mongoose/lib/query.js:4592:15)","stringValue":"\"undefined\"","kind":"ObjectId","value":"undefined","path":"_id","reason":{},"valueType":"string","level":"error","timestamp":"2023-02-15T18:12:09.628Z"}
{"message":"Cast to ObjectId failed for value \"undefined\" (type string) at path \"_id\" for model \"Plants\"","stack":"CastError: Cast to ObjectId failed for value \"undefined\" (type string) at path \"_id\" for model \"Plants\"\n    at model.Query.exec (/Users/elimo/lighthouse/bahar/server/node_modules/mongoose/lib/query.js:4498:21)\n    at model.Query.Query.then (/Users/elimo/lighthouse/bahar/server/node_modules/mongoose/lib/query.js:4592:15)","stringValue":"\"undefined\"","kind":"ObjectId","value":"undefined","path":"_id","reason":{},"valueType":"string","level":"error","timestamp":"2023-02-15T18:42:24.840Z"}
{"message":"Cast to ObjectId failed for value \"undefined\" (type string) at path \"_id\" for model \"Plants\"","stack":"CastError: Cast to ObjectId failed for value \"undefined\" (type string) at path \"_id\" for model \"Plants\"\n    at model.Query.exec (/Users/elimo/lighthouse/bahar/server/node_modules/mongoose/lib/query.js:4498:21)\n    at model.Query.Query.then (/Users/elimo/lighthouse/bahar/server/node_modules/mongoose/lib/query.js:4592:15)","stringValue":"\"undefined\"","kind":"ObjectId","value":"undefined","path":"_id","reason":{},"valueType":"string","level":"error","timestamp":"2023-02-15T19:41:49.251Z"}
{"level":"info","message":"Listening on port 2017...😎👌","timestamp":"2023-02-15T20:14:17.568Z"}
{"level":"info","message":"Connected to mongodb+srv://PosiblueMaChiNaTor:4Pk6AcmtsGIRVZcU@cluster0.7hlaj.gcp.mongodb.net/test?retryWrites=true&w=majority...","timestamp":"2023-02-15T20:14:18.126Z"}
{"level":"info","message":"Listening on port 2017...😎👌","timestamp":"2023-02-15T20:14:37.652Z"}
{"level":"info","message":"Connected to mongodb+srv://PosiblueMaChiNaTor:4Pk6AcmtsGIRVZcU@cluster0.7hlaj.gcp.mongodb.net/test?retryWrites=true&w=majority...","timestamp":"2023-02-15T20:14:38.170Z"}
{"level":"info","message":"Listening on port 2017...😎👌","timestamp":"2023-02-15T20:15:05.918Z"}
{"level":"info","message":"Connected to mongodb+srv://PosiblueMaChiNaTor:4Pk6AcmtsGIRVZcU@cluster0.7hlaj.gcp.mongodb.net/test?retryWrites=true&w=majority...","timestamp":"2023-02-15T20:15:06.400Z"}
{"level":"info","message":"Listening on port 2017...😎👌","timestamp":"2023-02-15T20:33:24.189Z"}
{"level":"info","message":"Connected to mongodb+srv://PosiblueMaChiNaTor:4Pk6AcmtsGIRVZcU@cluster0.7hlaj.gcp.mongodb.net/test?retryWrites=true&w=majority...","timestamp":"2023-02-15T20:33:24.835Z"}
